<?xml version="1.0" encoding="UTF-8"?>
<testng-results skipped="0" failed="0" ignored="0" total="4" passed="4">
  <reporter-output>
  </reporter-output>
  <suite name="Default suite" duration-ms="34321" started-at="2020-10-04T21:43:12 IST" finished-at="2020-10-04T21:43:47 IST">
    <groups>
    </groups>
    <test name="Default test" duration-ms="34321" started-at="2020-10-04T21:43:12 IST" finished-at="2020-10-04T21:43:47 IST">
      <class name="ToolsQA.AppiumProject.calculator">
        <test-method status="PASS" signature="beforeClass()[pri:0, instance:ToolsQA.AppiumProject.calculator@3e57cd70]" name="beforeClass" is-config="true" duration-ms="12775" started-at="2020-10-04T21:43:12 IST" finished-at="2020-10-04T21:43:25 IST">
          <reporter-output>
          </reporter-output>
        </test-method> <!-- beforeClass -->
        <test-method status="PASS" signature="add()[pri:0, instance:ToolsQA.AppiumProject.calculator@3e57cd70]" name="add" duration-ms="5599" started-at="2020-10-04T21:43:25 IST" finished-at="2020-10-04T21:43:31 IST">
          <reporter-output>
          </reporter-output>
        </test-method> <!-- add -->
        <test-method status="PASS" signature="divide()[pri:0, instance:ToolsQA.AppiumProject.calculator@3e57cd70]" name="divide" duration-ms="4511" started-at="2020-10-04T21:43:31 IST" finished-at="2020-10-04T21:43:35 IST">
          <reporter-output>
          </reporter-output>
        </test-method> <!-- divide -->
        <test-method status="PASS" signature="multiply()[pri:0, instance:ToolsQA.AppiumProject.calculator@3e57cd70]" name="multiply" duration-ms="6087" started-at="2020-10-04T21:43:35 IST" finished-at="2020-10-04T21:43:41 IST">
          <reporter-output>
          </reporter-output>
        </test-method> <!-- multiply -->
        <test-method status="PASS" signature="substract()[pri:0, instance:ToolsQA.AppiumProject.calculator@3e57cd70]" name="substract" duration-ms="4482" started-at="2020-10-04T21:43:41 IST" finished-at="2020-10-04T21:43:46 IST">
          <reporter-output>
          </reporter-output>
        </test-method> <!-- substract -->
        <test-method status="PASS" signature="afterClass()[pri:0, instance:ToolsQA.AppiumProject.calculator@3e57cd70]" name="afterClass" is-config="true" duration-ms="797" started-at="2020-10-04T21:43:46 IST" finished-at="2020-10-04T21:43:47 IST">
          <reporter-output>
          </reporter-output>
        </test-method> <!-- afterClass -->
      </class> <!-- ToolsQA.AppiumProject.calculator -->
    </test> <!-- Default test -->
  </suite> <!-- Default suite -->
</testng-results>
