<?xml version="1.0" encoding="UTF-8"?>
<!-- Generated by org.testng.reporters.JUnitXMLReporter -->
<testsuite hostname="DESKTOP-97E01BO" ignored="0" name="Default test" tests="3" failures="0" timestamp="2020-10-06T19:21:12 IST" time="38.457" errors="0">
  <testcase name="ChromeOne" time="14.823" classname="AppiumActivities.projectActivities.ActivitySix"/>
  <testcase name="testCaseOne" time="3.824" classname="AppiumActivities.projectActivities.ActivitySix"/>
  <testcase name="testCaseTwo" time="8.173" classname="AppiumActivities.projectActivities.ActivitySix"/>
</testsuite> <!-- Default test -->
