<?xml version="1.0" encoding="UTF-8"?>
<!-- Generated by org.testng.reporters.JUnitReportReporter -->
<testsuite skipped="0" hostname="DESKTOP-97E01BO" name="AppiumActivities.projectActivities.ActivityFour" tests="3" failures="0" timestamp="2020-10-06T14:58:42 IST" time="21.017" errors="0">
  <testcase name="testCaseOne" time="3.203" classname="AppiumActivities.projectActivities.ActivityFour"/>
  <testcase name="ChromeOne" time="11.424" classname="AppiumActivities.projectActivities.ActivityFour"/>
  <testcase name="testCaseTwo" time="6.390" classname="AppiumActivities.projectActivities.ActivityFour"/>
</testsuite> <!-- AppiumActivities.projectActivities.ActivityFour -->
