<?xml version="1.0" encoding="UTF-8"?>
<!-- Generated by org.testng.reporters.JUnitReportReporter -->
<testsuite skipped="0" hostname="DESKTOP-97E01BO" name="ToolsQA.AppiumProject.activityOne" tests="2" failures="0" timestamp="2020-10-04T21:22:49 IST" time="17.632" errors="0">
  <testcase name="testSearchAppium" time="6.916" classname="ToolsQA.AppiumProject.activityOne"/>
  <testcase name="beforeClass" time="10.716" classname="ToolsQA.AppiumProject.activityOne"/>
</testsuite> <!-- ToolsQA.AppiumProject.activityOne -->
