<?xml version="1.0" encoding="UTF-8"?>
<!-- Generated by org.testng.reporters.JUnitReportReporter -->
<testsuite skipped="0" hostname="DESKTOP-97E01BO" name="ToolsQA.AppiumProject.calculator" tests="4" failures="0" timestamp="2020-10-04T21:43:47 IST" time="20.679" errors="0">
  <testcase name="substract" time="4.482" classname="ToolsQA.AppiumProject.calculator"/>
  <testcase name="divide" time="4.511" classname="ToolsQA.AppiumProject.calculator"/>
  <testcase name="multiply" time="6.087" classname="ToolsQA.AppiumProject.calculator"/>
  <testcase name="add" time="5.599" classname="ToolsQA.AppiumProject.calculator"/>
</testsuite> <!-- ToolsQA.AppiumProject.calculator -->
