<?xml version="1.0" encoding="UTF-8"?>
<!-- Generated by org.testng.reporters.JUnitXMLReporter -->
<testsuite hostname="DESKTOP-97E01BO" ignored="0" name="Default test" tests="4" failures="0" timestamp="2020-10-04T21:43:47 IST" time="34.321" errors="0">
  <testcase name="add" time="5.599" classname="ToolsQA.AppiumProject.calculator"/>
  <testcase name="divide" time="4.511" classname="ToolsQA.AppiumProject.calculator"/>
  <testcase name="multiply" time="6.087" classname="ToolsQA.AppiumProject.calculator"/>
  <testcase name="substract" time="4.482" classname="ToolsQA.AppiumProject.calculator"/>
</testsuite> <!-- Default test -->
